app/build/intermediates/manifest_merge_blame_file/debug/processDebugMainManifest/manifest-merger-blame-debug-report.txt
1<?xml version="1.0" encoding="utf-8"?>
2<manifest xmlns:android="http://schemas.android.com/apk/res/android"
3    package="com.fkti.learninghub.debug"
4    android:versionCode="1"
5    android:versionName="1.0-debug" >
6
7    <uses-sdk
8        android:minSdkVersion="21"
9        android:targetSdkVersion="34" />
10
11    <!-- Internet permissions for online content loading -->
12    <uses-permission android:name="android.permission.INTERNET" />
12-->src/main/AndroidManifest.xml:6:5-67
12-->src/main/AndroidManifest.xml:6:22-64
13    <uses-permission android:name="android.permission.ACCESS_NETWORK_STATE" />
13-->src/main/AndroidManifest.xml:7:5-79
13-->src/main/AndroidManifest.xml:7:22-76
14    <uses-permission android:name="android.permission.ACCESS_WIFI_STATE" />
14-->src/main/AndroidManifest.xml:8:5-76
14-->src/main/AndroidManifest.xml:8:22-73
15    <uses-permission android:name="android.permission.WRITE_EXTERNAL_STORAGE" />
15-->src/main/AndroidManifest.xml:9:5-81
15-->src/main/AndroidManifest.xml:9:22-78
16    <uses-permission android:name="android.permission.READ_EXTERNAL_STORAGE" />
16-->src/main/AndroidManifest.xml:10:5-80
16-->src/main/AndroidManifest.xml:10:22-77
17
18    <permission
18-->[androidx.core:core:1.12.0] AndroidManifest.xml:22:5-24:47
19        android:name="com.fkti.learninghub.debug.DYNAMIC_RECEIVER_NOT_EXPORTED_PERMISSION"
19-->[androidx.core:core:1.12.0] AndroidManifest.xml:23:9-81
20        android:protectionLevel="signature" />
20-->[androidx.core:core:1.12.0] AndroidManifest.xml:24:9-44
21
22    <uses-permission android:name="com.fkti.learninghub.debug.DYNAMIC_RECEIVER_NOT_EXPORTED_PERMISSION" />
22-->[androidx.core:core:1.12.0] AndroidManifest.xml:26:5-97
22-->[androidx.core:core:1.12.0] AndroidManifest.xml:26:22-94
23
24    <application
24-->src/main/AndroidManifest.xml:12:5-94:19
25        android:allowBackup="true"
25-->src/main/AndroidManifest.xml:13:9-35
26        android:appComponentFactory="androidx.core.app.CoreComponentFactory"
26-->[androidx.core:core:1.12.0] AndroidManifest.xml:28:18-86
27        android:dataExtractionRules="@xml/data_extraction_rules"
27-->src/main/AndroidManifest.xml:14:9-65
28        android:debuggable="true"
29        android:extractNativeLibs="true"
30        android:fullBackupContent="@xml/backup_rules"
30-->src/main/AndroidManifest.xml:15:9-54
31        android:hardwareAccelerated="true"
31-->src/main/AndroidManifest.xml:21:9-43
32        android:icon="@mipmap/ic_launcher"
32-->src/main/AndroidManifest.xml:16:9-43
33        android:label="@string/app_name"
33-->src/main/AndroidManifest.xml:17:9-41
34        android:networkSecurityConfig="@xml/network_security_config"
34-->src/main/AndroidManifest.xml:22:9-69
35        android:roundIcon="@mipmap/ic_launcher_round"
35-->src/main/AndroidManifest.xml:18:9-54
36        android:supportsRtl="true"
36-->src/main/AndroidManifest.xml:19:9-35
37        android:theme="@style/Theme.FKTILearningHub"
37-->src/main/AndroidManifest.xml:20:9-53
38        android:usesCleartextTraffic="true" >
38-->src/main/AndroidManifest.xml:23:9-44
39
40        <!-- Splash Screen Activity -->
41        <activity
41-->src/main/AndroidManifest.xml:27:9-36:20
42            android:name="com.fkti.learninghub.SplashActivity"
42-->src/main/AndroidManifest.xml:28:13-43
43            android:exported="true"
43-->src/main/AndroidManifest.xml:29:13-36
44            android:screenOrientation="portrait"
44-->src/main/AndroidManifest.xml:31:13-49
45            android:theme="@style/SplashTheme" >
45-->src/main/AndroidManifest.xml:30:13-47
46            <intent-filter>
46-->src/main/AndroidManifest.xml:32:13-35:29
47                <action android:name="android.intent.action.MAIN" />
47-->src/main/AndroidManifest.xml:33:17-69
47-->src/main/AndroidManifest.xml:33:25-66
48
49                <category android:name="android.intent.category.LAUNCHER" />
49-->src/main/AndroidManifest.xml:34:17-77
49-->src/main/AndroidManifest.xml:34:27-74
50            </intent-filter>
51        </activity>
52
53        <!-- Main Activity with WebView -->
54        <activity
54-->src/main/AndroidManifest.xml:39:9-45:20
55            android:name="com.fkti.learninghub.MainActivity"
55-->src/main/AndroidManifest.xml:40:13-41
56            android:configChanges="orientation|screenSize|keyboardHidden"
56-->src/main/AndroidManifest.xml:42:13-74
57            android:exported="false"
57-->src/main/AndroidManifest.xml:41:13-37
58            android:launchMode="singleTask"
58-->src/main/AndroidManifest.xml:44:13-44
59            android:screenOrientation="portrait" >
59-->src/main/AndroidManifest.xml:43:13-49
60        </activity>
61
62        <!-- Course Activity for individual courses -->
63        <activity
63-->src/main/AndroidManifest.xml:48:9-57:20
64            android:name="com.fkti.learninghub.CourseActivity"
64-->src/main/AndroidManifest.xml:49:13-43
65            android:configChanges="orientation|screenSize|keyboardHidden"
65-->src/main/AndroidManifest.xml:51:13-74
66            android:exported="false"
66-->src/main/AndroidManifest.xml:50:13-37
67            android:parentActivityName="com.fkti.learninghub.MainActivity"
67-->src/main/AndroidManifest.xml:53:13-55
68            android:screenOrientation="portrait" >
68-->src/main/AndroidManifest.xml:52:13-49
69            <meta-data
69-->src/main/AndroidManifest.xml:54:13-56:49
70                android:name="android.support.PARENT_ACTIVITY"
70-->src/main/AndroidManifest.xml:55:17-63
71                android:value=".MainActivity" />
71-->src/main/AndroidManifest.xml:56:17-46
72        </activity>
73
74        <!-- Quiz Activity -->
75        <activity
75-->src/main/AndroidManifest.xml:60:9-69:20
76            android:name="com.fkti.learninghub.QuizActivity"
76-->src/main/AndroidManifest.xml:61:13-41
77            android:configChanges="orientation|screenSize|keyboardHidden"
77-->src/main/AndroidManifest.xml:63:13-74
78            android:exported="false"
78-->src/main/AndroidManifest.xml:62:13-37
79            android:parentActivityName="com.fkti.learninghub.CourseActivity"
79-->src/main/AndroidManifest.xml:65:13-57
80            android:screenOrientation="portrait" >
80-->src/main/AndroidManifest.xml:64:13-49
81            <meta-data
81-->src/main/AndroidManifest.xml:54:13-56:49
82                android:name="android.support.PARENT_ACTIVITY"
82-->src/main/AndroidManifest.xml:55:17-63
83                android:value=".CourseActivity" />
83-->src/main/AndroidManifest.xml:56:17-46
84        </activity>
85
86        <!-- Progress Activity -->
87        <activity
87-->src/main/AndroidManifest.xml:72:9-81:20
88            android:name="com.fkti.learninghub.ProgressActivity"
88-->src/main/AndroidManifest.xml:73:13-45
89            android:configChanges="orientation|screenSize|keyboardHidden"
89-->src/main/AndroidManifest.xml:75:13-74
90            android:exported="false"
90-->src/main/AndroidManifest.xml:74:13-37
91            android:parentActivityName="com.fkti.learninghub.MainActivity"
91-->src/main/AndroidManifest.xml:77:13-55
92            android:screenOrientation="portrait" >
92-->src/main/AndroidManifest.xml:76:13-49
93            <meta-data
93-->src/main/AndroidManifest.xml:54:13-56:49
94                android:name="android.support.PARENT_ACTIVITY"
94-->src/main/AndroidManifest.xml:55:17-63
95                android:value=".MainActivity" />
95-->src/main/AndroidManifest.xml:56:17-46
96        </activity>
97
98        <!-- File Provider for sharing certificates and downloads -->
99        <provider
100            android:name="androidx.core.content.FileProvider"
100-->src/main/AndroidManifest.xml:85:13-62
101            android:authorities="com.fkti.learninghub.debug.fileprovider"
101-->src/main/AndroidManifest.xml:86:13-64
102            android:exported="false"
102-->src/main/AndroidManifest.xml:87:13-37
103            android:grantUriPermissions="true" >
103-->src/main/AndroidManifest.xml:88:13-47
104            <meta-data
104-->src/main/AndroidManifest.xml:89:13-91:54
105                android:name="android.support.FILE_PROVIDER_PATHS"
105-->src/main/AndroidManifest.xml:90:17-67
106                android:resource="@xml/file_paths" />
106-->src/main/AndroidManifest.xml:91:17-51
107        </provider>
108        <provider
108-->[androidx.emoji2:emoji2:1.2.0] AndroidManifest.xml:24:9-32:20
109            android:name="androidx.startup.InitializationProvider"
109-->[androidx.emoji2:emoji2:1.2.0] AndroidManifest.xml:25:13-67
110            android:authorities="com.fkti.learninghub.debug.androidx-startup"
110-->[androidx.emoji2:emoji2:1.2.0] AndroidManifest.xml:26:13-68
111            android:exported="false" >
111-->[androidx.emoji2:emoji2:1.2.0] AndroidManifest.xml:27:13-37
112            <meta-data
112-->[androidx.emoji2:emoji2:1.2.0] AndroidManifest.xml:29:13-31:52
113                android:name="androidx.emoji2.text.EmojiCompatInitializer"
113-->[androidx.emoji2:emoji2:1.2.0] AndroidManifest.xml:30:17-75
114                android:value="androidx.startup" />
114-->[androidx.emoji2:emoji2:1.2.0] AndroidManifest.xml:31:17-49
115            <meta-data
115-->[androidx.lifecycle:lifecycle-process:2.7.0] AndroidManifest.xml:29:13-31:52
116                android:name="androidx.lifecycle.ProcessLifecycleInitializer"
116-->[androidx.lifecycle:lifecycle-process:2.7.0] AndroidManifest.xml:30:17-78
117                android:value="androidx.startup" />
117-->[androidx.lifecycle:lifecycle-process:2.7.0] AndroidManifest.xml:31:17-49
118            <meta-data
118-->[androidx.profileinstaller:profileinstaller:1.3.0] AndroidManifest.xml:29:13-31:52
119                android:name="androidx.profileinstaller.ProfileInstallerInitializer"
119-->[androidx.profileinstaller:profileinstaller:1.3.0] AndroidManifest.xml:30:17-85
120                android:value="androidx.startup" />
120-->[androidx.profileinstaller:profileinstaller:1.3.0] AndroidManifest.xml:31:17-49
121        </provider>
122
123        <uses-library
123-->[androidx.window:window:1.0.0] AndroidManifest.xml:25:9-27:40
124            android:name="androidx.window.extensions"
124-->[androidx.window:window:1.0.0] AndroidManifest.xml:26:13-54
125            android:required="false" />
125-->[androidx.window:window:1.0.0] AndroidManifest.xml:27:13-37
126        <uses-library
126-->[androidx.window:window:1.0.0] AndroidManifest.xml:28:9-30:40
127            android:name="androidx.window.sidecar"
127-->[androidx.window:window:1.0.0] AndroidManifest.xml:29:13-51
128            android:required="false" />
128-->[androidx.window:window:1.0.0] AndroidManifest.xml:30:13-37
129
130        <service
130-->[androidx.room:room-runtime:2.6.1] AndroidManifest.xml:24:9-28:63
131            android:name="androidx.room.MultiInstanceInvalidationService"
131-->[androidx.room:room-runtime:2.6.1] AndroidManifest.xml:25:13-74
132            android:directBootAware="true"
132-->[androidx.room:room-runtime:2.6.1] AndroidManifest.xml:26:13-43
133            android:exported="false" />
133-->[androidx.room:room-runtime:2.6.1] AndroidManifest.xml:27:13-37
134
135        <receiver
135-->[androidx.profileinstaller:profileinstaller:1.3.0] AndroidManifest.xml:34:9-52:20
136            android:name="androidx.profileinstaller.ProfileInstallReceiver"
136-->[androidx.profileinstaller:profileinstaller:1.3.0] AndroidManifest.xml:35:13-76
137            android:directBootAware="false"
137-->[androidx.profileinstaller:profileinstaller:1.3.0] AndroidManifest.xml:36:13-44
138            android:enabled="true"
138-->[androidx.profileinstaller:profileinstaller:1.3.0] AndroidManifest.xml:37:13-35
139            android:exported="true"
139-->[androidx.profileinstaller:profileinstaller:1.3.0] AndroidManifest.xml:38:13-36
140            android:permission="android.permission.DUMP" >
140-->[androidx.profileinstaller:profileinstaller:1.3.0] AndroidManifest.xml:39:13-57
141            <intent-filter>
141-->[androidx.profileinstaller:profileinstaller:1.3.0] AndroidManifest.xml:40:13-42:29
142                <action android:name="androidx.profileinstaller.action.INSTALL_PROFILE" />
142-->[androidx.profileinstaller:profileinstaller:1.3.0] AndroidManifest.xml:41:17-91
142-->[androidx.profileinstaller:profileinstaller:1.3.0] AndroidManifest.xml:41:25-88
143            </intent-filter>
144            <intent-filter>
144-->[androidx.profileinstaller:profileinstaller:1.3.0] AndroidManifest.xml:43:13-45:29
145                <action android:name="androidx.profileinstaller.action.SKIP_FILE" />
145-->[androidx.profileinstaller:profileinstaller:1.3.0] AndroidManifest.xml:44:17-85
145-->[androidx.profileinstaller:profileinstaller:1.3.0] AndroidManifest.xml:44:25-82
146            </intent-filter>
147            <intent-filter>
147-->[androidx.profileinstaller:profileinstaller:1.3.0] AndroidManifest.xml:46:13-48:29
148                <action android:name="androidx.profileinstaller.action.SAVE_PROFILE" />
148-->[androidx.profileinstaller:profileinstaller:1.3.0] AndroidManifest.xml:47:17-88
148-->[androidx.profileinstaller:profileinstaller:1.3.0] AndroidManifest.xml:47:25-85
149            </intent-filter>
150            <intent-filter>
150-->[androidx.profileinstaller:profileinstaller:1.3.0] AndroidManifest.xml:49:13-51:29
151                <action android:name="androidx.profileinstaller.action.BENCHMARK_OPERATION" />
151-->[androidx.profileinstaller:profileinstaller:1.3.0] AndroidManifest.xml:50:17-95
151-->[androidx.profileinstaller:profileinstaller:1.3.0] AndroidManifest.xml:50:25-92
152            </intent-filter>
153        </receiver>
154    </application>
155
156</manifest>